Arguments: 
  /usr/local/bin/node /usr/local/Cellar/yarn/1.22.5/libexec/bin/yarn.js add lodash

PATH: 
  /usr/local/bin:/usr/bin:/bin:/usr/sbin:/sbin

Yarn version: 
  1.22.5

Node version: 
  12.18.4

Platform: 
  darwin x64

Trace: 
  Error: self signed certificate in certificate chain
      at TLSSocket.onConnectSecure (_tls_wrap.js:1501:34)
      at TLSSocket.emit (events.js:315:20)
      at TLSSocket._finishInit (_tls_wrap.js:936:8)
      at TLSWrap.ssl.onhandshakedone (_tls_wrap.js:710:12)

npm manifest: 
  {
    "name": "react-material-dashboard",
    "author": "DeviasIO",
    "licence": "MIT",
    "version": "1.0.0",
    "private": false,
    "scripts": {
      "start": "react-scripts start",
      "build": "react-scripts build",
      "test": "react-scripts test",
      "eject": "react-scripts eject"
    },
    "eslintConfig": {
      "extends": "react-app"
    },
    "browserslist": {
      "production": [
        ">0.2%",
        "not dead",
        "not op_mini all"
      ],
      "development": [
        "last 1 chrome version",
        "last 1 firefox version",
        "last 1 safari version"
      ]
    },
    "dependencies": {
      "@material-ui/core": "^4.11.1",
      "@material-ui/icons": "^4.9.1",
      "@material-ui/lab": "^4.0.0-alpha.56",
      "@material-ui/styles": "^4.10.0",
      "chart.js": "^2.9.4",
      "clsx": "^1.1.1",
      "formik": "^2.1.5",
      "history": "^5.0.0",
      "lodash": "^4.17.19",
      "moment": "^2.27.0",
      "nprogress": "^0.2.0",
      "prop-types": "^15.7.2",
      "react": "^16.13.1",
      "react-chartjs-2": "^2.10.0",
      "react-dom": "^16.13.1",
      "react-feather": "^2.0.8",
      "react-helmet": "^6.1.0",
      "react-perfect-scrollbar": "^1.5.8",
      "react-router": "^6.0.0-beta.0",
      "react-router-dom": "^6.0.0-beta.0",
      "react-scripts": "^4.0.0",
      "uuid": "^8.3.0",
      "yup": "^0.29.3"
    },
    "devDependencies": {
      "eslint": "^7.11.0",
      "eslint-config-airbnb": "^18.2.0",
      "eslint-config-prettier": "^6.11.0",
      "eslint-plugin-import": "^2.22.0",
      "eslint-plugin-jsx-a11y": "^6.3.1",
      "eslint-plugin-prettier": "^3.1.4",
      "eslint-plugin-react": "^7.20.3",
      "eslint-plugin-react-hooks": "^4.0.8",
      "prettier": "^1.19.1"
    }
  }

yarn manifest: 
  No manifest

Lockfile: 
  No lockfile
